map_ert_rtw/map/build/intermediates/manifest_merge_blame_file/debug/manifest-merger-blame-debug-report.txt
1<?xml version="1.0" encoding="utf-8"?>
2<manifest xmlns:android="http://schemas.android.com/apk/res/android"
3    package="com.example.map"
4    android:versionCode="1"
5    android:versionName="1.0" >
6
7    <uses-sdk
8        android:minSdkVersion="17"
8-->src\main\AndroidManifest.xml
9        android:targetSdkVersion="28" />
9-->src\main\AndroidManifest.xml
10
11    <uses-permission android:name="android.permission.ACCESS_WIFI_STATE" />
11-->src\main\AndroidManifest.xml:10:1-71
11-->src\main\AndroidManifest.xml:10:18-69
12    <uses-permission android:name="android.permission.INTERNET" />
12-->src\main\AndroidManifest.xml:10:71-132
12-->src\main\AndroidManifest.xml:10:88-130
13    <uses-permission android:name="android.permission.ACCESS_FINE_LOCATION" />
13-->src\main\AndroidManifest.xml:11:1-74
13-->src\main\AndroidManifest.xml:11:18-72
14    <uses-permission android:name="android.permission.ACCESS_NETWORK_STATE" />
14-->src\main\AndroidManifest.xml:12:1-74
14-->src\main\AndroidManifest.xml:12:18-72
15
16    <application
16-->src\main\AndroidManifest.xml:2:5-9:19
17        android:appComponentFactory="androidx.core.app.CoreComponentFactory"
17-->[androidx.core:core:1.3.1] AndroidManifest.xml:24:18-86
18        android:debuggable="true"
19        android:icon="@drawable/ic_launcher"
19-->src\main\AndroidManifest.xml:2:18-54
20        android:label="@string/app_name"
20-->src\main\AndroidManifest.xml:2:55-87
21        android:theme="@style/MWAppTheme" >
21-->src\main\AndroidManifest.xml:2:88-121
22        <activity
22-->src\main\AndroidManifest.xml:3:9-8:20
23            android:name="com.example.map.map"
23-->src\main\AndroidManifest.xml:3:52-70
24            android:configChanges="orientation|screenSize"
24-->src\main\AndroidManifest.xml:3:117-163
25            android:label="@string/app_name"
25-->src\main\AndroidManifest.xml:3:19-51
26            android:theme="@style/MWAppTheme.NoActionBar" >
26-->src\main\AndroidManifest.xml:3:71-116
27            <intent-filter>
27-->src\main\AndroidManifest.xml:4:13-7:29
28                <action android:name="android.intent.action.MAIN" />
28-->src\main\AndroidManifest.xml:5:17-68
28-->src\main\AndroidManifest.xml:5:25-66
29
30                <category android:name="android.intent.category.LAUNCHER" />
30-->src\main\AndroidManifest.xml:6:17-76
30-->src\main\AndroidManifest.xml:6:27-74
31            </intent-filter>
32        </activity>
33    </application>
34
35</manifest>